{
  "0 debug pnpm:scope": {
    "selected": 1,
    "workspacePrefix": null
  },
  "1 error pnpm": {
    "message": {
      "errno": 2,
      "code": "ELIFECYCLE",
      "pkgid": "qiscus-sdk-core@2.8.34-3",
      "stage": "build:web",
      "script": "webpack --env.production --env.target=web",
      "pkgname": "qiscus-sdk-core"
    },
    "err": {
      "name": "Error",
      "message": "qiscus-sdk-core@2.8.34-3 build:web: `webpack --env.production --env.target=web`\nExit status 2",
      "code": "ELIFECYCLE",
      "stack": "Error: qiscus-sdk-core@2.8.34-3 build:web: `webpack --env.production --env.target=web`\nExit status 2\n    at EventEmitter.<anonymous> (C:\\Users\\Afief\\AppData\\Roaming\\npm\\node_modules\\pnpm\\lib\\node_modules\\@zkochan\\npm-lifecycle\\index.js:302:16)\n    at EventEmitter.emit (events.js:210:5)\n    at ChildProcess.<anonymous> (C:\\Users\\Afief\\AppData\\Roaming\\npm\\node_modules\\pnpm\\lib\\node_modules\\@zkochan\\npm-lifecycle\\lib\\spawn.js:55:14)\n    at ChildProcess.emit (events.js:210:5)\n    at maybeClose (internal/child_process.js:1021:16)\n    at Process.ChildProcess._handle.onexit (internal/child_process.js:283:5)"
    }
  }
}